<?xml version="1.0" encoding="UTF-8" ?>
<testsuite tests="1" failures="0" name="br.com.evoluo.example.marketing.ProcessScenarioTest" time="0.005" errors="1" skipped="0">
  <properties>
[...]
</properties>
  <testcase classname="br.com.evoluo.example.marketing.ProcessScenarioTest" name="testHappyPath" time="0.005">
    <error message="resource &apos;process.bpmn&apos; not found: inputStream is null" type="org.camunda.bpm.engine.exception.NullValueException">org.camunda.bpm.engine.exception.NullValueException: resource &apos;process.bpmn&apos; not found: inputStream is null
	at sun.reflect.NativeConstructorAccessorImpl.newInstance0(Native Method)
	at sun.reflect.NativeConstructorAccessorImpl.newInstance(NativeConstructorAccessorImpl.java:62)
	at sun.reflect.DelegatingConstructorAccessorImpl.newInstance(DelegatingConstructorAccessorImpl.java:45)
	at java.lang.reflect.Constructor.newInstance(Constructor.java:423)
	at org.camunda.bpm.engine.impl.util.EnsureUtil.generateException(EnsureUtil.java:394)
	at org.camunda.bpm.engine.impl.util.EnsureUtil.ensureNotNull(EnsureUtil.java:55)
	at org.camunda.bpm.engine.impl.util.EnsureUtil.ensureNotNull(EnsureUtil.java:50)
	at org.camunda.bpm.engine.impl.repository.DeploymentBuilderImpl.addClasspathResource(DeploymentBuilderImpl.java:95)
	at org.camunda.bpm.engine.impl.test.TestHelper.annotationDeploymentSetUp(TestHelper.java:144)
	at org.camunda.bpm.engine.test.ProcessEngineRule.starting(ProcessEngineRule.java:151)
	at org.camunda.bpm.extension.process_test_coverage.junit.rules.TestCoverageProcessEngineRule.starting(TestCoverageProcessEngineRule.java:143)
	at org.junit.rules.TestWatcher.startingQuietly(TestWatcher.java:113)
	at org.junit.rules.TestWatcher.access$000(TestWatcher.java:52)
	at org.junit.rules.TestWatcher$1.evaluate(TestWatcher.java:59)
	at org.camunda.bpm.engine.test.ProcessEngineRule$1.evaluate(ProcessEngineRule.java:172)
	at org.springframework.test.context.junit4.statements.SpringRepeat.evaluate(SpringRepeat.java:84)
	at org.junit.runners.ParentRunner.runLeaf(ParentRunner.java:366)
	at org.springframework.test.context.junit4.SpringJUnit4ClassRunner.runChild(SpringJUnit4ClassRunner.java:251)
	at org.springframework.test.context.junit4.SpringJUnit4ClassRunner.runChild(SpringJUnit4ClassRunner.java:97)
	at org.junit.runners.ParentRunner$4.run(ParentRunner.java:331)
	at org.junit.runners.ParentRunner$1.schedule(ParentRunner.java:79)
	at org.junit.runners.ParentRunner.runChildren(ParentRunner.java:329)
	at org.junit.runners.ParentRunner.access$100(ParentRunner.java:66)
	at org.junit.runners.ParentRunner$2.evaluate(ParentRunner.java:293)
	at org.springframework.test.context.junit4.statements.RunBeforeTestClassCallbacks.evaluate(RunBeforeTestClassCallbacks.java:61)
	at org.springframework.test.context.junit4.statements.RunAfterTestClassCallbacks.evaluate(RunAfterTestClassCallbacks.java:70)
	at org.junit.runners.ParentRunner$3.evaluate(ParentRunner.java:306)
	at org.junit.runners.ParentRunner.run(ParentRunner.java:413)
	at org.springframework.test.context.junit4.SpringJUnit4ClassRunner.run(SpringJUnit4ClassRunner.java:190)
	at org.apache.maven.surefire.junit4.JUnit4Provider.execute(JUnit4Provider.java:252)
	at org.apache.maven.surefire.junit4.JUnit4Provider.executeTestSet(JUnit4Provider.java:141)
	at org.apache.maven.surefire.junit4.JUnit4Provider.invoke(JUnit4Provider.java:112)
	at sun.reflect.NativeMethodAccessorImpl.invoke0(Native Method)
	at sun.reflect.NativeMethodAccessorImpl.invoke(NativeMethodAccessorImpl.java:62)
	at sun.reflect.DelegatingMethodAccessorImpl.invoke(DelegatingMethodAccessorImpl.java:43)
	at java.lang.reflect.Method.invoke(Method.java:498)
	at org.apache.maven.surefire.util.ReflectionUtils.invokeMethodWithArray(ReflectionUtils.java:189)
	at org.apache.maven.surefire.booter.ProviderFactory$ProviderProxy.invoke(ProviderFactory.java:165)
	at org.apache.maven.surefire.booter.ProviderFactory.invokeProvider(ProviderFactory.java:85)
	at org.apache.maven.surefire.booter.ForkedBooter.runSuitesInProcess(ForkedBooter.java:115)
	at org.apache.maven.surefire.booter.ForkedBooter.main(ForkedBooter.java:75)
</error>
    <system-out>15:32:43.376 [main] INFO  o.s.b.t.c.SpringBootTestContextBootstrapper - Neither @ContextConfiguration nor @ContextHierarchy found for test class [br.com.evoluo.example.marketing.ProcessScenarioTest], using SpringBootContextLoader
15:32:43.377 [main] INFO  o.s.t.c.s.AbstractContextLoader - Could not detect default resource locations for test class [br.com.evoluo.example.marketing.ProcessScenarioTest]: no resource found for suffixes {-context.xml, Context.groovy}.
15:32:43.377 [main] INFO  o.s.t.c.s.AnnotationConfigContextLoaderUtils - Could not detect default configuration classes for test class [br.com.evoluo.example.marketing.ProcessScenarioTest]: ProcessScenarioTest does not declare any static, non-private, non-final, nested classes annotated with @Configuration.
15:32:43.379 [main] INFO  o.s.b.t.c.SpringBootTestContextBootstrapper - Found @SpringBootConfiguration br.com.evoluo.example.marketing.CamundaApplication for test class br.com.evoluo.example.marketing.ProcessScenarioTest
15:32:43.381 [main] INFO  o.s.b.t.c.SpringBootTestContextBootstrapper - Loaded default TestExecutionListener class names from location [META-INF/spring.factories]: [org.springframework.boot.test.mock.mockito.MockitoTestExecutionListener, org.springframework.boot.test.mock.mockito.ResetMocksTestExecutionListener, org.springframework.boot.test.autoconfigure.restdocs.RestDocsTestExecutionListener, org.springframework.boot.test.autoconfigure.web.client.MockRestServiceServerResetTestExecutionListener, org.springframework.boot.test.autoconfigure.web.servlet.MockMvcPrintOnlyOnFailureTestExecutionListener, org.springframework.boot.test.autoconfigure.web.servlet.WebDriverTestExecutionListener, org.springframework.boot.test.autoconfigure.webservices.client.MockWebServiceServerTestExecutionListener, org.springframework.test.context.web.ServletTestExecutionListener, org.springframework.test.context.support.DirtiesContextBeforeModesTestExecutionListener, org.springframework.test.context.support.DependencyInjectionTestExecutionListener, org.springframework.test.context.support.DirtiesContextTestExecutionListener, org.springframework.test.context.transaction.TransactionalTestExecutionListener, org.springframework.test.context.jdbc.SqlScriptsTestExecutionListener, org.springframework.test.context.event.EventPublishingTestExecutionListener]
15:32:43.381 [main] INFO  o.s.b.t.c.SpringBootTestContextBootstrapper - Using TestExecutionListeners: [org.springframework.test.context.web.ServletTestExecutionListener@12266084, org.springframework.test.context.support.DirtiesContextBeforeModesTestExecutionListener@6da646b8, org.springframework.boot.test.mock.mockito.MockitoTestExecutionListener@2a65e237, org.springframework.boot.test.autoconfigure.SpringBootDependencyInjectionTestExecutionListener@3a48c398, org.springframework.test.context.support.DirtiesContextTestExecutionListener@1b4ba615, org.springframework.test.context.transaction.TransactionalTestExecutionListener@4407b042, org.springframework.test.context.jdbc.SqlScriptsTestExecutionListener@41f686af, org.springframework.test.context.event.EventPublishingTestExecutionListener@3dded90a, org.springframework.boot.test.mock.mockito.ResetMocksTestExecutionListener@7be3abaa, org.springframework.boot.test.autoconfigure.restdocs.RestDocsTestExecutionListener@29f8134, org.springframework.boot.test.autoconfigure.web.client.MockRestServiceServerResetTestExecutionListener@77a9ac36, org.springframework.boot.test.autoconfigure.web.servlet.MockMvcPrintOnlyOnFailureTestExecutionListener@3c743d40, org.springframework.boot.test.autoconfigure.web.servlet.WebDriverTestExecutionListener@5aac6f9f, org.springframework.boot.test.autoconfigure.webservices.client.MockWebServiceServerTestExecutionListener@2444c3df]
15:32:43.621 [main] WARN  o.c.b.e.p.j.r.TestCoverageProcessEngineRule - CompensationEventCoverageHandler not registered with process engine configuration! Compensation boundary events coverage will not be registered.
15:32:43.621 [main] DEBUG org.camunda.bpm.engine.test - annotation @Deployment creates deployment for ProcessScenarioTest.testHappyPath
15:32:43.625 [main] INFO  o.c.b.e.p.j.r.TestCoverageProcessEngineRule - testHappyPath(br.com.evoluo.example.marketing.ProcessScenarioTest) succeeded.
15:32:43.625 [main] DEBUG org.camunda.bpm.engine.test - annotation @Deployment deletes deployment for ProcessScenarioTest.testHappyPath
</system-out>
  </testcase>
</testsuite>